gdc -O2 -flto lto02.d
/tmp/cchTaPiq.ltrans0.ltrans.o:(.data+0x50): undefined reference to `___t.0.2518.2384'
/tmp/cchTaPiq.ltrans0.ltrans.o:(.data+0x54): undefined reference to `___t.1.2520.2387'
/tmp/cchTaPiq.ltrans0.ltrans.o:(.data+0x58): undefined reference to `___t.2.2522.2393'
/tmp/cchTaPiq.ltrans0.ltrans.o:(.data+0x5c): undefined reference to `___t.3.2524.2395'
/tmp/cchTaPiq.ltrans0.ltrans.o:(.data+0x60): undefined reference to `___t.4.2526.2397'
/tmp/cchTaPiq.ltrans0.ltrans.o:(.data+0x64): undefined reference to `___t.5.2528.2399'
/tmp/cchTaPiq.ltrans0.ltrans.o:(.data+0x68): undefined reference to `___t.6.2530.2401'
/tmp/cchTaPiq.ltrans0.ltrans.o:(.data+0x6c): undefined reference to `___t.7.2532.2403'
/tmp/cchTaPiq.ltrans0.ltrans.o:(.data+0x70): undefined reference to `___t.8.2534.2405'
/tmp/cchTaPiq.ltrans0.ltrans.o:(.data+0x74): undefined reference to `___t.9.2536.2407'
/tmp/cchTaPiq.ltrans0.ltrans.o:(.data+0x78): undefined reference to `___t.10.2538.2409'
/tmp/cchTaPiq.ltrans0.ltrans.o:(.data+0x7c): undefined reference to `___t.11.2540.2411'
/tmp/cchTaPiq.ltrans0.ltrans.o:(.data+0x80): undefined reference to `___t.12.2542.2413'
/tmp/cchTaPiq.ltrans0.ltrans.o:(.data+0x84): undefined reference to `___t.13.2544.2415'
/tmp/cchTaPiq.ltrans0.ltrans.o:(.data+0x88): undefined reference to `___t.14.2546.2418'
/tmp/cchTaPiq.ltrans0.ltrans.o:(.data+0x8c): undefined reference to `___t.15.2548.2421'
/tmp/cchTaPiq.ltrans0.ltrans.o:(.data+0x90): undefined reference to `___t.16.2550.2424'
/tmp/cchTaPiq.ltrans0.ltrans.o:(.data+0x94): undefined reference to `___t.17.2552.2426'
/tmp/cchTaPiq.ltrans0.ltrans.o:(.data+0x98): undefined reference to `___t.18.2554.2428'
/tmp/cchTaPiq.ltrans0.ltrans.o:(.data+0x9c): undefined reference to `___t.19.2556.2430'
/tmp/cchTaPiq.ltrans0.ltrans.o:(.data+0xa0): undefined reference to `___t.20.2558.2432'
/tmp/cchTaPiq.ltrans0.ltrans.o:(.data+0xa4): undefined reference to `___t.21.2560.2434'
/tmp/cchTaPiq.ltrans0.ltrans.o:(.data+0xa8): undefined reference to `___t.22.2562.2437'
/tmp/cchTaPiq.ltrans0.ltrans.o:(.data+0xac): undefined reference to `___t.23.2564.2442'
/tmp/cchTaPiq.ltrans0.ltrans.o:(.data+0xb0): undefined reference to `___t.24.2566.2447'
/tmp/cchTaPiq.ltrans0.ltrans.o:(.data+0xb4): undefined reference to `___t.25.2568.2449'
/tmp/cchTaPiq.ltrans0.ltrans.o:(.data+0xb8): undefined reference to `___t.26.2570.2451'
/tmp/cchTaPiq.ltrans0.ltrans.o:(.data+0xbc): undefined reference to `___t.27.2572.2453'
/tmp/cchTaPiq.ltrans0.ltrans.o:(.data+0xc0): undefined reference to `___t.28.2574.2455'
/tmp/cchTaPiq.ltrans0.ltrans.o:(.data+0xc4): undefined reference to `___t.29.2576.2457'
/tmp/cchTaPiq.ltrans0.ltrans.o:(.data+0xc8): undefined reference to `___t.30.2578.2471'
/tmp/cchTaPiq.ltrans0.ltrans.o:(.data+0xcc): undefined reference to `___t.31.2580.2475'
/tmp/cchTaPiq.ltrans0.ltrans.o:(.data+0xd0): undefined reference to `___t.32.2582.2477'
/tmp/cchTaPiq.ltrans0.ltrans.o:(.data+0xd8): undefined reference to `___t.34.2584.2479'
/tmp/cchTaPiq.ltrans0.ltrans.o:(.data+0xdc): undefined reference to `___t.35.2586.2481'
collect2: error: ld returned 1 exit status
