This file contains any messages produced by compilers while
running configure, to aid debugging if configure makes a mistake.

It was created by configure, which was
generated by GNU Autoconf 2.64.  Invocation command line was

  $ ../src/gcc-4.6.3/configure --target=x86_64-w64-mingw32 --prefix=/sysroot64 --enable-targets=all --enable-languages=c,c++,d --enable-sjlj-exceptions --enable-threads --enable-version-specific-runtime-libs --disable-symvers --disable-werror --disable-win32-registry --disable-nls --disable-bootstrap --with-sysroot=/sysroot64 --with-gmp=/sysroot64 --with-lmpfr=/sysroot64 --with-mpc=/sysroot64 --with-pkgversion=GDC 138:d53a8be7c0ed  DMD 1.055 --with-bugurl=http://bitbucket.org/goshawk/gdc/issues

## --------- ##
## Platform. ##
## --------- ##

hostname = Owner-PC
uname -m = i686
uname -r = 1.0.17(0.48/3/2)
uname -s = MINGW32_NT-6.1
uname -v = 2011-04-24 23:39

/usr/bin/uname -p = unknown
/bin/uname -X     = unknown

/bin/arch              = unknown
/usr/bin/arch -k       = unknown
/usr/convex/getsysinfo = unknown
/usr/bin/hostinfo      = unknown
/bin/machine           = unknown
/usr/bin/oslevel       = unknown
/bin/universe          = unknown

PATH: .
PATH: /usr/local/bin
PATH: /mingw/bin
PATH: /bin
PATH: /c/Perl/bin
PATH: /c/Perl/bin
PATH: /c/Program Files (x86)/NVIDIA Corporation/PhysX/Common
PATH: /c/Windows/system32
PATH: /c/Windows
PATH: /c/Windows/System32/Wbem
PATH: /c/Windows/System32/WindowsPowerShell/v1.0/
PATH: /c/Program Files (x86)/GtkSharp/2.12/bin
PATH: /c/Python27
PATH: /c/Program Files (x86)/ATI Technologies/ATI.ACE/Core-Static
PATH: /c/Program Files/TortoiseSVN/binC
PATH: /Pypy/
PATH: /c/libffi-3.0.9/include
PATH: /c/Program Files (x86)/QuickTime/QTSystem/
PATH: /c/Program Files (x86)/Microsoft Visual Studio 10.0/VC
PATH: /c/LibDll/
PATH: /c/Program Files (x86)/Microsoft Visual Studio 10.0/VC/bin/
PATH: /c/Program Files (x86)/Mercurial
PATH: /c/Users/Clay/Projects/Pypy/pypy-1.6
PATH: /c/Pypy/bzip2-1.0.5
PATH: /c/Pypy/openssl-0.9.8k
PATH: /c/Users/Clay/Projects/Pypy/pypy-1.6
PATH: /c/Python27/Scripts
PATH: /c/Program Files (x86)/Universal Extractor
PATH: /c/Program Files (x86)/Universal Extractor/bin
PATH: /c/Program Files/WPIJavaCV/OpenCV_2.2.0/bin
PATH: /c/Program Files/TortoiseHg/
PATH: /usr/sysroot64/
PATH: /mingw/x86_64-w64-mingw32
PATH: /usr/sysroot64/x86_64-w64-mingw32/lib32


## ----------- ##
## Core tests. ##
## ----------- ##

configure:2222: checking build system type
configure:2236: result: i686-pc-mingw32
configure:2283: checking host system type
configure:2296: result: i686-pc-mingw32
configure:2316: checking target system type
configure:2329: result: x86_64-w64-mingw32
configure:2383: checking for a BSD-compatible install
configure:2451: result: /bin/install -c
configure:2462: checking whether ln works
configure:2484: result: yes
configure:2488: checking whether ln -s works
configure:2495: result: no, using cp -p
configure:2499: checking for a sed that does not truncate output
configure:2563: result: /bin/sed
configure:2572: checking for gawk
configure:2588: found /bin/gawk
configure:2599: result: gawk
configure:3914: checking for gcc
configure:3930: found /mingw/bin/gcc
configure:3941: result: gcc
configure:4170: checking for C compiler version
configure:4179: gcc --version >&5
gcc.exe (tdm64-1) 4.6.1
Copyright (C) 2011 Free Software Foundation, Inc.
This is free software; see the source for copying conditions.  There is NO
warranty; not even for MERCHANTABILITY or FITNESS FOR A PARTICULAR PURPOSE.

configure:4190: $? = 0
configure:4179: gcc -v >&5
Using built-in specs.
COLLECT_GCC=c:\MinGW64\bin\gcc.exe
COLLECT_LTO_WRAPPER=c:/mingw64/bin/../libexec/gcc/x86_64-w64-mingw32/4.6.1/lto-wrapper.exe
Target: x86_64-w64-mingw32
Configured with: ../../src/gcc-4.6.1/configure --build=x86_64-w64-mingw32 --enable-targets=all --enable-languages=c,c++,fortran,objc,obj-c++ --enable-libgomp --enable-lto --enable-libstdcxx-debug --enable-version-specific-runtime-libs --enable-fully-dynamic-string --with-gnu-ld --disable-werror --disable-nls --disable-win32-registry --prefix=/mingw64tdm --with-local-prefix=/mingw64tdm --with-pkgversion=tdm64-1 --with-bugurl=http://tdm-gcc.tdragon.net/bugs
Thread model: win32
gcc version 4.6.1 (tdm64-1) 
configure:4190: $? = 0
configure:4179: gcc -V >&5
gcc.exe: error: unrecognized option '-V'
gcc.exe: fatal error: no input files
compilation terminated.
configure:4190: $? = 1
configure:4179: gcc -qversion >&5
gcc.exe: error: unrecognized option '-qversion'
gcc.exe: fatal error: no input files
compilation terminated.
configure:4190: $? = 1
configure:4210: checking for C compiler default output file name
configure:4232: gcc    conftest.c  >&5
configure:4236: $? = 0
configure:4273: result: a.exe
configure:4289: checking whether the C compiler works
configure:4298: ./a.exe
configure:4302: $? = 0
configure:4317: result: yes
configure:4324: checking whether we are cross compiling
configure:4326: result: no
configure:4329: checking for suffix of executables
configure:4336: gcc -o conftest.exe    conftest.c  >&5
configure:4340: $? = 0
configure:4362: result: .exe
configure:4368: checking for suffix of object files
configure:4390: gcc -c   conftest.c >&5
configure:4394: $? = 0
configure:4415: result: o
configure:4419: checking whether we are using the GNU C compiler
configure:4438: gcc -c   conftest.c >&5
configure:4438: $? = 0
configure:4447: result: yes
configure:4456: checking whether gcc accepts -g
configure:4476: gcc -c -g  conftest.c >&5
configure:4476: $? = 0
configure:4517: result: yes
configure:4534: checking for gcc option to accept ISO C89
configure:4598: gcc  -c -g -O2  conftest.c >&5
configure:4598: $? = 0
configure:4611: result: none needed
configure:4689: checking for g++
configure:4705: found /mingw/bin/g++
configure:4716: result: g++
configure:4743: checking for C++ compiler version
configure:4752: g++ --version >&5
g++.exe (tdm64-1) 4.6.1
Copyright (C) 2011 Free Software Foundation, Inc.
This is free software; see the source for copying conditions.  There is NO
warranty; not even for MERCHANTABILITY or FITNESS FOR A PARTICULAR PURPOSE.

configure:4763: $? = 0
configure:4752: g++ -v >&5
Using built-in specs.
COLLECT_GCC=c:\MinGW64\bin\g++.exe
COLLECT_LTO_WRAPPER=c:/mingw64/bin/../libexec/gcc/x86_64-w64-mingw32/4.6.1/lto-wrapper.exe
Target: x86_64-w64-mingw32
Configured with: ../../src/gcc-4.6.1/configure --build=x86_64-w64-mingw32 --enable-targets=all --enable-languages=c,c++,fortran,objc,obj-c++ --enable-libgomp --enable-lto --enable-libstdcxx-debug --enable-version-specific-runtime-libs --enable-fully-dynamic-string --with-gnu-ld --disable-werror --disable-nls --disable-win32-registry --prefix=/mingw64tdm --with-local-prefix=/mingw64tdm --with-pkgversion=tdm64-1 --with-bugurl=http://tdm-gcc.tdragon.net/bugs
Thread model: win32
gcc version 4.6.1 (tdm64-1) 
configure:4763: $? = 0
configure:4752: g++ -V >&5
g++.exe: error: unrecognized option '-V'
g++.exe: fatal error: no input files
compilation terminated.
configure:4763: $? = 1
configure:4752: g++ -qversion >&5
g++.exe: error: unrecognized option '-qversion'
g++.exe: fatal error: no input files
compilation terminated.
configure:4763: $? = 1
configure:4767: checking whether we are using the GNU C++ compiler
configure:4786: g++ -c   conftest.cpp >&5
configure:4786: $? = 0
configure:4795: result: yes
configure:4804: checking whether g++ accepts -g
configure:4824: g++ -c -g  conftest.cpp >&5
configure:4824: $? = 0
configure:4865: result: yes
configure:4954: checking for gnatbind
configure:4984: result: no
configure:5046: checking for gnatmake
configure:5076: result: no
configure:5095: checking whether compiler driver understands Ada
configure:5118: result: no
configure:5127: checking how to compare bootstrapped objects
configure:5152: result: cmp --ignore-initial=16 $$f1 $$f2
configure:5168: checking for objdir
configure:5183: result: .libs
configure:5725: checking for PWL_handle_timeout in -lpwl
configure:5750: gcc -o conftest.exe -g -O2    conftest.c -lpwl   >&5
c:/mingw64/bin/../lib/gcc/x86_64-w64-mingw32/4.6.1/../../../../x86_64-w64-mingw32/bin/ld.exe: cannot find -lpwl
collect2: ld returned 1 exit status
configure:5750: $? = 1
configure: failed program was:
| /* confdefs.h */
| #define PACKAGE_NAME ""
| #define PACKAGE_TARNAME ""
| #define PACKAGE_VERSION ""
| #define PACKAGE_STRING ""
| #define PACKAGE_BUGREPORT ""
| #define PACKAGE_URL ""
| #define LT_OBJDIR ".libs/"
| /* end confdefs.h.  */
| 
| /* Override any GCC internal prototype to avoid an error.
|    Use char because int might match the return type of a GCC
|    builtin and then its argument prototype would still apply.  */
| #ifdef __cplusplus
| extern "C"
| #endif
| char PWL_handle_timeout ();
| int
| main ()
| {
| return PWL_handle_timeout ();
|   ;
|   return 0;
| }
configure:5759: result: no
configure:5773: checking for version 0.11 (revision 0 or later) of PPL
configure:5790: gcc -c -g -O2  -I/sysroot64/include -I$$r/$(HOST_SUBDIR)/mpfr -I$$s/mpfr -I/sysroot64/include   conftest.c >&5
conftest.c:10:19: fatal error: ppl_c.h: No such file or directory
compilation terminated.
configure:5790: $? = 1
configure: failed program was:
| /* confdefs.h */
| #define PACKAGE_NAME ""
| #define PACKAGE_TARNAME ""
| #define PACKAGE_VERSION ""
| #define PACKAGE_STRING ""
| #define PACKAGE_BUGREPORT ""
| #define PACKAGE_URL ""
| #define LT_OBJDIR ".libs/"
| /* end confdefs.h.  */
| #include "ppl_c.h"
| int
| main ()
| {
| 
|     #if PPL_VERSION_MAJOR != 0 || PPL_VERSION_MINOR < 11
|     choke me
|     #endif
| 
|   ;
|   return 0;
| }
configure:5794: result: no
configure:7215: checking for default BUILD_CONFIG
configure:7247: result: 
configure:7737: checking for bison
configure:7753: found /bin/bison
configure:7764: result: bison -y
configure:7785: checking for bison
configure:7801: found /bin/bison
configure:7812: result: bison
configure:7832: checking for gm4
configure:7862: result: no
configure:7832: checking for gnum4
configure:7862: result: no
configure:7832: checking for m4
configure:7848: found /usr/local/bin/m4
configure:7859: result: m4
configure:7879: checking for flex
configure:7895: found /bin/flex
configure:7906: result: flex
configure:7927: checking for flex
configure:7943: found /bin/flex
configure:7954: result: flex
configure:7974: checking for makeinfo
configure:7990: found /bin/makeinfo
configure:8001: result: makeinfo
configure:8035: checking for expect
configure:8065: result: no
configure:8084: checking for runtest
configure:8114: result: no
configure:8229: checking for ar
configure:8245: found /mingw/bin/ar
configure:8256: result: ar
configure:8370: checking for as
configure:8386: found /mingw/bin/as
configure:8397: result: as
configure:8511: checking for dlltool
configure:8527: found /mingw/bin/dlltool
configure:8538: result: dlltool
configure:8571: checking for ld
configure:8598: result: c:/mingw64/bin/../lib/gcc/x86_64-w64-mingw32/4.6.1/../../../../x86_64-w64-mingw32/bin/ld.exe
configure:8793: checking for lipo
configure:8823: result: no
configure:8934: checking for nm
configure:8950: found /mingw/bin/nm
configure:8961: result: nm
configure:9075: checking for ranlib
configure:9091: found /mingw/bin/ranlib
configure:9102: result: ranlib
configure:9211: checking for strip
configure:9227: found /mingw/bin/strip
configure:9238: result: strip
configure:9347: checking for windres
configure:9363: found /mingw/bin/windres
configure:9374: result: windres
configure:9488: checking for windmc
configure:9504: found /mingw/bin/windmc
configure:9515: result: windmc
configure:9629: checking for objcopy
configure:9645: found /mingw/bin/objcopy
configure:9656: result: objcopy
configure:9770: checking for objdump
configure:9786: found /mingw/bin/objdump
configure:9797: result: objdump
configure:9911: checking for x86_64-w64-mingw32-cc
configure:9941: result: no
configure:9911: checking for x86_64-w64-mingw32-gcc
configure:9927: found /mingw/bin/x86_64-w64-mingw32-gcc
configure:9938: result: x86_64-w64-mingw32-gcc
configure:10072: checking for x86_64-w64-mingw32-c++
configure:10088: found /mingw/bin/x86_64-w64-mingw32-c++
configure:10099: result: x86_64-w64-mingw32-c++
configure:10233: checking for x86_64-w64-mingw32-gcc
configure:10249: found /mingw/bin/x86_64-w64-mingw32-gcc
configure:10260: result: x86_64-w64-mingw32-gcc
configure:10389: checking for x86_64-w64-mingw32-gcj
configure:10419: result: no
configure:10550: checking for x86_64-w64-mingw32-gfortran
configure:10580: result: no
configure:10711: checking for x86_64-w64-mingw32-gccgo
configure:10741: result: no
configure:10841: checking for ar
configure:10859: found /sysroot64/x86_64-w64-mingw32/bin/ar
configure:10871: result: /sysroot64/x86_64-w64-mingw32/bin/ar
configure:11071: checking for as
configure:11089: found /sysroot64/x86_64-w64-mingw32/bin/as
configure:11101: result: /sysroot64/x86_64-w64-mingw32/bin/as
configure:11301: checking for dlltool
configure:11319: found /sysroot64/x86_64-w64-mingw32/bin/dlltool
configure:11331: result: /sysroot64/x86_64-w64-mingw32/bin/dlltool
configure:11531: checking for ld
configure:11549: found /sysroot64/x86_64-w64-mingw32/bin/ld
configure:11561: result: /sysroot64/x86_64-w64-mingw32/bin/ld
configure:11761: checking for lipo
configure:11794: result: no
configure:11872: checking for x86_64-w64-mingw32-lipo
configure:11902: result: no
configure:11991: checking for nm
configure:12009: found /sysroot64/x86_64-w64-mingw32/bin/nm
configure:12021: result: /sysroot64/x86_64-w64-mingw32/bin/nm
configure:12221: checking for objdump
configure:12239: found /sysroot64/x86_64-w64-mingw32/bin/objdump
configure:12251: result: /sysroot64/x86_64-w64-mingw32/bin/objdump
configure:12451: checking for ranlib
configure:12469: found /sysroot64/x86_64-w64-mingw32/bin/ranlib
configure:12481: result: /sysroot64/x86_64-w64-mingw32/bin/ranlib
configure:12681: checking for strip
configure:12699: found /sysroot64/x86_64-w64-mingw32/bin/strip
configure:12711: result: /sysroot64/x86_64-w64-mingw32/bin/strip
configure:12911: checking for windres
configure:12944: result: no
configure:13022: checking for x86_64-w64-mingw32-windres
configure:13052: result: no
configure:13141: checking for windmc
configure:13174: result: no
configure:13252: checking for x86_64-w64-mingw32-windmc
configure:13282: result: no
configure:13349: checking where to find the target ar
configure:13377: result: pre-installed in /sysroot64/x86_64-w64-mingw32/bin
configure:13391: checking where to find the target as
configure:13419: result: pre-installed in /sysroot64/x86_64-w64-mingw32/bin
configure:13433: checking where to find the target cc
configure:13456: result: just compiled
configure:13475: checking where to find the target c++
configure:13501: result: just compiled
configure:13520: checking where to find the target c++ for libstdc++
configure:13546: result: just compiled
configure:13565: checking where to find the target dlltool
configure:13593: result: pre-installed in /sysroot64/x86_64-w64-mingw32/bin
configure:13607: checking where to find the target gcc
configure:13630: result: just compiled
configure:13649: checking where to find the target gcj
configure:13689: result: pre-installed
configure:13694: checking where to find the target gfortran
configure:13734: result: pre-installed
configure:13739: checking where to find the target gccgo
configure:13779: result: pre-installed
configure:13784: checking where to find the target ld
configure:13812: result: pre-installed in /sysroot64/x86_64-w64-mingw32/bin
configure:13826: checking where to find the target lipo
configure:13852: result: pre-installed
configure:13857: checking where to find the target nm
configure:13885: result: pre-installed in /sysroot64/x86_64-w64-mingw32/bin
configure:13899: checking where to find the target objdump
configure:13927: result: pre-installed in /sysroot64/x86_64-w64-mingw32/bin
configure:13941: checking where to find the target ranlib
configure:13969: result: pre-installed in /sysroot64/x86_64-w64-mingw32/bin
configure:13983: checking where to find the target strip
configure:14011: result: pre-installed in /sysroot64/x86_64-w64-mingw32/bin
configure:14025: checking where to find the target windres
configure:14062: result: pre-installed
configure:14067: checking where to find the target windmc
configure:14104: result: pre-installed
configure:14137: checking whether to enable maintainer-specific portions of Makefiles
configure:14146: result: no
configure:14179: checking whether -fkeep-inline-functions is supported
configure:14198: gcc -c -g -O2 -fkeep-inline-functions  conftest.c >&5
configure:14198: $? = 0
configure:14199: result: yes
configure:14396: creating ./config.status

## ---------------------- ##
## Running config.status. ##
## ---------------------- ##

This file was extended by config.status, which was
generated by GNU Autoconf 2.64.  Invocation command line was

  CONFIG_FILES    = 
  CONFIG_HEADERS  = 
  CONFIG_LINKS    = 
  CONFIG_COMMANDS = 
  $ ./config.status 

on Owner-PC

config.status:978: creating Makefile

## ---------------- ##
## Cache variables. ##
## ---------------- ##

ac_cv_build=i686-pc-mingw32
ac_cv_c_compiler_gnu=yes
ac_cv_cxx_compiler_gnu=yes
ac_cv_env_AR_FOR_TARGET_set=
ac_cv_env_AR_FOR_TARGET_value=
ac_cv_env_AR_set=
ac_cv_env_AR_value=
ac_cv_env_AS_FOR_TARGET_set=
ac_cv_env_AS_FOR_TARGET_value=
ac_cv_env_AS_set=
ac_cv_env_AS_value=
ac_cv_env_CCC_set=
ac_cv_env_CCC_value=
ac_cv_env_CC_FOR_TARGET_set=
ac_cv_env_CC_FOR_TARGET_value=
ac_cv_env_CC_set=
ac_cv_env_CC_value=
ac_cv_env_CFLAGS_set=
ac_cv_env_CFLAGS_value=
ac_cv_env_CPPFLAGS_set=
ac_cv_env_CPPFLAGS_value=
ac_cv_env_CXXFLAGS_set=
ac_cv_env_CXXFLAGS_value=
ac_cv_env_CXX_FOR_TARGET_set=
ac_cv_env_CXX_FOR_TARGET_value=
ac_cv_env_CXX_set=
ac_cv_env_CXX_value=
ac_cv_env_DLLTOOL_FOR_TARGET_set=
ac_cv_env_DLLTOOL_FOR_TARGET_value=
ac_cv_env_DLLTOOL_set=
ac_cv_env_DLLTOOL_value=
ac_cv_env_GCC_FOR_TARGET_set=
ac_cv_env_GCC_FOR_TARGET_value=
ac_cv_env_GCJ_FOR_TARGET_set=
ac_cv_env_GCJ_FOR_TARGET_value=
ac_cv_env_GFORTRAN_FOR_TARGET_set=
ac_cv_env_GFORTRAN_FOR_TARGET_value=
ac_cv_env_GOC_FOR_TARGET_set=
ac_cv_env_GOC_FOR_TARGET_value=
ac_cv_env_LDFLAGS_set=
ac_cv_env_LDFLAGS_value=
ac_cv_env_LD_FOR_TARGET_set=
ac_cv_env_LD_FOR_TARGET_value=
ac_cv_env_LD_set=
ac_cv_env_LD_value=
ac_cv_env_LIBS_set=
ac_cv_env_LIBS_value=
ac_cv_env_LIPO_FOR_TARGET_set=
ac_cv_env_LIPO_FOR_TARGET_value=
ac_cv_env_LIPO_set=
ac_cv_env_LIPO_value=
ac_cv_env_NM_FOR_TARGET_set=
ac_cv_env_NM_FOR_TARGET_value=
ac_cv_env_NM_set=
ac_cv_env_NM_value=
ac_cv_env_OBJCOPY_set=
ac_cv_env_OBJCOPY_value=
ac_cv_env_OBJDUMP_FOR_TARGET_set=
ac_cv_env_OBJDUMP_FOR_TARGET_value=
ac_cv_env_OBJDUMP_set=
ac_cv_env_OBJDUMP_value=
ac_cv_env_RANLIB_FOR_TARGET_set=
ac_cv_env_RANLIB_FOR_TARGET_value=
ac_cv_env_RANLIB_set=
ac_cv_env_RANLIB_value=
ac_cv_env_STRIP_FOR_TARGET_set=
ac_cv_env_STRIP_FOR_TARGET_value=
ac_cv_env_STRIP_set=
ac_cv_env_STRIP_value=
ac_cv_env_WINDMC_FOR_TARGET_set=
ac_cv_env_WINDMC_FOR_TARGET_value=
ac_cv_env_WINDMC_set=
ac_cv_env_WINDMC_value=
ac_cv_env_WINDRES_FOR_TARGET_set=
ac_cv_env_WINDRES_FOR_TARGET_value=
ac_cv_env_WINDRES_set=
ac_cv_env_WINDRES_value=
ac_cv_env_build_alias_set=
ac_cv_env_build_alias_value=
ac_cv_env_build_configargs_set=
ac_cv_env_build_configargs_value=
ac_cv_env_host_alias_set=
ac_cv_env_host_alias_value=
ac_cv_env_host_configargs_set=
ac_cv_env_host_configargs_value=
ac_cv_env_target_alias_set=set
ac_cv_env_target_alias_value=x86_64-w64-mingw32
ac_cv_env_target_configargs_set=
ac_cv_env_target_configargs_value=
ac_cv_exeext=.exe
ac_cv_host=i686-pc-mingw32
ac_cv_lib_pwl_PWL_handle_timeout=no
ac_cv_objext=o
ac_cv_path_AR_FOR_TARGET=/sysroot64/x86_64-w64-mingw32/bin/ar
ac_cv_path_AS_FOR_TARGET=/sysroot64/x86_64-w64-mingw32/bin/as
ac_cv_path_DLLTOOL_FOR_TARGET=/sysroot64/x86_64-w64-mingw32/bin/dlltool
ac_cv_path_LD_FOR_TARGET=/sysroot64/x86_64-w64-mingw32/bin/ld
ac_cv_path_NM_FOR_TARGET=/sysroot64/x86_64-w64-mingw32/bin/nm
ac_cv_path_OBJDUMP_FOR_TARGET=/sysroot64/x86_64-w64-mingw32/bin/objdump
ac_cv_path_RANLIB_FOR_TARGET=/sysroot64/x86_64-w64-mingw32/bin/ranlib
ac_cv_path_SED=/bin/sed
ac_cv_path_STRIP_FOR_TARGET=/sysroot64/x86_64-w64-mingw32/bin/strip
ac_cv_path_install='/bin/install -c'
ac_cv_prog_AR=ar
ac_cv_prog_AS=as
ac_cv_prog_AWK=gawk
ac_cv_prog_BISON=bison
ac_cv_prog_CC_FOR_TARGET=x86_64-w64-mingw32-gcc
ac_cv_prog_CXX_FOR_TARGET=x86_64-w64-mingw32-c++
ac_cv_prog_DLLTOOL=dlltool
ac_cv_prog_FLEX=flex
ac_cv_prog_GCC_FOR_TARGET=x86_64-w64-mingw32-gcc
ac_cv_prog_LD=c:/mingw64/bin/../lib/gcc/x86_64-w64-mingw32/4.6.1/../../../../x86_64-w64-mingw32/bin/ld.exe
ac_cv_prog_LEX=flex
ac_cv_prog_M4=m4
ac_cv_prog_MAKEINFO=makeinfo
ac_cv_prog_NM=nm
ac_cv_prog_OBJCOPY=objcopy
ac_cv_prog_OBJDUMP=objdump
ac_cv_prog_RANLIB=ranlib
ac_cv_prog_STRIP=strip
ac_cv_prog_WINDMC=windmc
ac_cv_prog_WINDRES=windres
ac_cv_prog_YACC='bison -y'
ac_cv_prog_ac_ct_CC=gcc
ac_cv_prog_ac_ct_CXX=g++
ac_cv_prog_cc_c89=
ac_cv_prog_cc_g=yes
ac_cv_prog_cxx_g=yes
ac_cv_target=x86_64-w64-mingw32
acx_cv_cc_gcc_supports_ada=no
acx_cv_prog_LN=ln
gcc_cv_prog_cmp_skip='cmp --ignore-initial=16 $$f1 $$f2'
gcc_cv_tool_dirs=/sysroot64/libexec/gcc/x86_64-w64-mingw32/4.6.3:/sysroot64/libexec/gcc/x86_64-w64-mingw32:/usr/lib/gcc/x86_64-w64-mingw32/4.6.3:/usr/lib/gcc/x86_64-w64-mingw32:/sysroot64/x86_64-w64-mingw32/bin/x86_64-w64-mingw32/4.6.3:/sysroot64/x86_64-w64-mingw32/bin:
gcc_cv_tool_prefix=/sysroot64
lt_cv_objdir=.libs

## ----------------- ##
## Output variables. ##
## ----------------- ##

AR='ar'
AR_FOR_BUILD='$(AR)'
AR_FOR_TARGET='/sysroot64/x86_64-w64-mingw32/bin/ar'
AS='as'
AS_FOR_BUILD='$(AS)'
AS_FOR_TARGET='/sysroot64/x86_64-w64-mingw32/bin/as'
AWK='gawk'
BISON='bison'
BUILD_CONFIG=''
CC='gcc'
CC_FOR_BUILD='$(CC)'
CC_FOR_TARGET='$$r/$(HOST_SUBDIR)/gcc/xgcc -B$$r/$(HOST_SUBDIR)/gcc/'
CFLAGS='-g -O2'
CFLAGS_FOR_BUILD='-g -O2'
CFLAGS_FOR_TARGET='-g -O2'
COMPILER_AS_FOR_TARGET='$$r/$(HOST_SUBDIR)/gcc/as'
COMPILER_LD_FOR_TARGET='$$r/$(HOST_SUBDIR)/gcc/collect-ld'
COMPILER_NM_FOR_TARGET='$$r/$(HOST_SUBDIR)/gcc/nm'
CONFIGURE_GDB_TK=''
CPPFLAGS=''
CXX='g++'
CXXFLAGS='-g -O2'
CXXFLAGS_FOR_BUILD='-g -O2'
CXXFLAGS_FOR_TARGET='-g -O2'
CXX_FOR_BUILD='$(CXX)'
CXX_FOR_TARGET='$$r/$(HOST_SUBDIR)/gcc/g++ -B$$r/$(HOST_SUBDIR)/gcc/ -nostdinc++ `if test -f $$r/$(TARGET_SUBDIR)/libstdc++-v3/scripts/testsuite_flags; then $(SHELL) $$r/$(TARGET_SUBDIR)/libstdc++-v3/scripts/testsuite_flags --build-includes; else echo -funconfigured-libstdc++-v3 ; fi` -L$$r/$(TARGET_SUBDIR)/libstdc++-v3/src -L$$r/$(TARGET_SUBDIR)/libstdc++-v3/src/.libs'
DEBUG_PREFIX_CFLAGS_FOR_TARGET=''
DEFS='-DPACKAGE_NAME=\"\" -DPACKAGE_TARNAME=\"\" -DPACKAGE_VERSION=\"\" -DPACKAGE_STRING=\"\" -DPACKAGE_BUGREPORT=\"\" -DPACKAGE_URL=\"\" -DLT_OBJDIR=\".libs/\"'
DLLTOOL='dlltool'
DLLTOOL_FOR_BUILD='$(DLLTOOL)'
DLLTOOL_FOR_TARGET='/sysroot64/x86_64-w64-mingw32/bin/dlltool'
ECHO_C=''
ECHO_N='-n'
ECHO_T=''
EXEEXT='.exe'
EXPECT='expect'
FLAGS_FOR_TARGET=' -L${prefix}/${target}/lib -L${prefix}/mingw/lib -isystem ${prefix}/${target}/include -isystem ${prefix}/mingw/include -B$(build_tooldir)/bin/ -B$(build_tooldir)/lib/ -isystem $(build_tooldir)/include -isystem $(build_tooldir)/sys-include'
FLEX='flex'
GCC_FOR_TARGET='$$r/$(HOST_SUBDIR)/gcc/xgcc -B$$r/$(HOST_SUBDIR)/gcc/'
GCC_SHLIB_SUBDIR='/shlib'
GCJ_FOR_BUILD='$(GCJ)'
GCJ_FOR_TARGET='x86_64-w64-mingw32-gcj'
GDB_TK=''
GFORTRAN_FOR_BUILD='$(GFORTRAN)'
GFORTRAN_FOR_TARGET='x86_64-w64-mingw32-gfortran'
GNATBIND='no'
GNATMAKE='no'
GOC_FOR_BUILD='$(GOC)'
GOC_FOR_TARGET='x86_64-w64-mingw32-gccgo'
INSTALL_DATA='${INSTALL} -m 644'
INSTALL_GDB_TK=''
INSTALL_PROGRAM='${INSTALL}'
INSTALL_SCRIPT='${INSTALL}'
LD='c:/mingw64/bin/../lib/gcc/x86_64-w64-mingw32/4.6.1/../../../../x86_64-w64-mingw32/bin/ld.exe'
LDFLAGS=''
LDFLAGS_FOR_BUILD=''
LD_FOR_BUILD='$(LD)'
LD_FOR_TARGET='/sysroot64/x86_64-w64-mingw32/bin/ld'
LEX='flex'
LIBOBJS=''
LIBS=''
LIPO='lipo'
LIPO_FOR_TARGET='x86_64-w64-mingw32-lipo'
LN='ln'
LN_S='cp -p'
LTLIBOBJS=''
M4='m4'
MAINT='#'
MAINTAINER_MODE_FALSE=''
MAINTAINER_MODE_TRUE='#'
MAKEINFO='makeinfo'
NM='nm'
NM_FOR_BUILD='$(NM)'
NM_FOR_TARGET='/sysroot64/x86_64-w64-mingw32/bin/nm'
OBJCOPY='objcopy'
OBJDUMP='objdump'
OBJDUMP_FOR_TARGET='/sysroot64/x86_64-w64-mingw32/bin/objdump'
OBJEXT='o'
PACKAGE_BUGREPORT=''
PACKAGE_NAME=''
PACKAGE_STRING=''
PACKAGE_TARNAME=''
PACKAGE_URL=''
PACKAGE_VERSION=''
PATH_SEPARATOR=':'
RANLIB='ranlib'
RANLIB_FOR_BUILD='$(RANLIB)'
RANLIB_FOR_TARGET='/sysroot64/x86_64-w64-mingw32/bin/ranlib'
RAW_CXX_FOR_TARGET='$$r/$(HOST_SUBDIR)/gcc/xgcc -shared-libgcc -B$$r/$(HOST_SUBDIR)/gcc -nostdinc++ -L$$r/$(TARGET_SUBDIR)/libstdc++-v3/src -L$$r/$(TARGET_SUBDIR)/libstdc++-v3/src/.libs'
RPATH_ENVVAR='PATH'
RUNTEST='runtest'
SED='/bin/sed'
SHELL='/bin/sh'
STRIP='strip'
STRIP_FOR_TARGET='/sysroot64/x86_64-w64-mingw32/bin/strip'
SYSROOT_CFLAGS_FOR_TARGET=''
TOPLEVEL_CONFIGURE_ARGUMENTS='../src/gcc-4.6.3/configure --target=x86_64-w64-mingw32 --prefix=/sysroot64 --enable-targets=all --enable-languages=c,c++,d --enable-sjlj-exceptions --enable-threads --enable-version-specific-runtime-libs --disable-symvers --disable-werror --disable-win32-registry --disable-nls --disable-bootstrap --with-sysroot=/sysroot64 --with-gmp=/sysroot64 --with-lmpfr=/sysroot64 --with-mpc=/sysroot64 --with-pkgversion='\''GDC 138:d53a8be7c0ed  DMD 1.055'\'' --with-bugurl=http://bitbucket.org/goshawk/gdc/issues'
WINDMC='windmc'
WINDMC_FOR_BUILD='$(WINDMC)'
WINDMC_FOR_TARGET='x86_64-w64-mingw32-windmc'
WINDRES='windres'
WINDRES_FOR_BUILD='$(WINDRES)'
WINDRES_FOR_TARGET='x86_64-w64-mingw32-windres'
YACC='bison -y'
ac_ct_CC='gcc'
ac_ct_CXX='g++'
bindir='${exec_prefix}/bin'
build='i686-pc-mingw32'
build_alias=''
build_configargs=' --cache-file=../config.cache '\''--prefix=/sysroot64'\'' '\''--enable-targets=all'\'' '\''--enable-sjlj-exceptions'\'' '\''--enable-threads'\'' '\''--enable-version-specific-runtime-libs'\'' '\''--disable-symvers'\'' '\''--disable-werror'\'' '\''--disable-win32-registry'\'' '\''--disable-nls'\'' '\''--disable-bootstrap'\'' '\''--with-sysroot=/sysroot64'\'' '\''--with-gmp=/sysroot64'\'' '\''--with-lmpfr=/sysroot64'\'' '\''--with-mpc=/sysroot64'\'' '\''--with-pkgversion=GDC 138:d53a8be7c0ed  DMD 1.055'\'' '\''--with-bugurl=http://bitbucket.org/goshawk/gdc/issues'\'' '\''--enable-languages=c,c++,d,lto'\'' --program-transform-name='\''s&^&x86_64-w64-mingw32-&'\'' --disable-option-checking'
build_configdirs=' libiberty fixincludes'
build_cpu='i686'
build_libsubdir='build-i686-pc-mingw32'
build_noncanonical='i686-pc-mingw32'
build_os='mingw32'
build_subdir='build-i686-pc-mingw32'
build_tooldir='${exec_prefix}/x86_64-w64-mingw32'
build_vendor='pc'
clooginc=''
clooglibs=''
compare_exclusions='gcc/cc*-checksum$(objext) | gcc/ada/*tools/*'
config_shell='/bin/sh'
configdirs=' intl libiberty zlib libcpp libdecnumber gmp mpfr mpc fixincludes gcc lto-plugin'
datadir='${datarootdir}'
datarootdir='${prefix}/share'
do_compare='cmp --ignore-initial=16 $$f1 $$f2'
docdir='${datarootdir}/doc/${PACKAGE}'
dvidir='${docdir}'
exec_prefix='${prefix}'
extra_host_libiberty_configure_flags='--enable-shared'
extra_mpc_gmp_configure_flags=''
extra_mpc_mpfr_configure_flags='--with-mpfr-include=$$s/mpfr --with-mpfr-lib=$$r/$(HOST_SUBDIR)/mpfr/.libs'
extra_mpfr_configure_flags=''
gmpinc='-I/sysroot64/include -I$$r/$(HOST_SUBDIR)/mpfr -I$$s/mpfr -I/sysroot64/include '
gmplibs='-L/sysroot64/lib -L$$r/$(HOST_SUBDIR)/mpfr/.libs -L/sysroot64/lib -lmpc -lmpfr -lgmp'
host='i686-pc-mingw32'
host_alias=''
host_configargs=' --cache-file=./config.cache  '\''--prefix=/sysroot64'\'' '\''--enable-targets=all'\'' '\''--enable-sjlj-exceptions'\'' '\''--enable-threads'\'' '\''--enable-version-specific-runtime-libs'\'' '\''--disable-symvers'\'' '\''--disable-werror'\'' '\''--disable-win32-registry'\'' '\''--disable-nls'\'' '\''--disable-bootstrap'\'' '\''--with-sysroot=/sysroot64'\'' '\''--with-gmp=/sysroot64'\'' '\''--with-lmpfr=/sysroot64'\'' '\''--with-mpc=/sysroot64'\'' '\''--with-pkgversion=GDC 138:d53a8be7c0ed  DMD 1.055'\'' '\''--with-bugurl=http://bitbucket.org/goshawk/gdc/issues'\'' '\''--enable-languages=c,c++,d,lto'\'' --program-transform-name='\''s&^&x86_64-w64-mingw32-&'\'' --disable-option-checking'
host_cpu='i686'
host_noncanonical='i686-pc-mingw32'
host_os='mingw32'
host_subdir='.'
host_vendor='pc'
htmldir='${docdir}'
includedir='${prefix}/include'
infodir='${datarootdir}/info'
libdir='${exec_prefix}/lib'
libexecdir='${exec_prefix}/libexec'
localedir='${datarootdir}/locale'
localstatedir='${prefix}/var'
mandir='${datarootdir}/man'
oldincludedir='/usr/include'
pdfdir='${docdir}'
poststage1_ldflags='-static-libstdc++ -static-libgcc'
poststage1_libs=''
pplinc=''
ppllibs=''
prefix='/sysroot64'
program_transform_name='s&^&x86_64-w64-mingw32-&'
psdir='${docdir}'
sbindir='${exec_prefix}/sbin'
sharedstatedir='${prefix}/com'
stage1_cflags='-g -fkeep-inline-functions'
stage1_checking='--enable-checking=yes,types'
stage1_languages='c,lto'
stage1_ldflags=''
stage1_libs=''
stage2_werror_flag=''
sysconfdir='${prefix}/etc'
target='x86_64-w64-mingw32'
target_alias='x86_64-w64-mingw32'
target_configargs='--cache-file=./config.cache --enable-multilib --with-cross-host=i686-pc-mingw32   '\''--prefix=/sysroot64'\'' '\''--enable-targets=all'\'' '\''--enable-sjlj-exceptions'\'' '\''--enable-threads'\'' '\''--enable-version-specific-runtime-libs'\'' '\''--disable-symvers'\'' '\''--disable-werror'\'' '\''--disable-win32-registry'\'' '\''--disable-nls'\'' '\''--disable-bootstrap'\'' '\''--with-sysroot=/sysroot64'\'' '\''--with-lmpfr=/sysroot64'\'' '\''--with-pkgversion=GDC 138:d53a8be7c0ed  DMD 1.055'\'' '\''--with-bugurl=http://bitbucket.org/goshawk/gdc/issues'\'' '\''--enable-languages=c,c++,d,lto'\'' --program-transform-name='\''s&^&x86_64-w64-mingw32-&'\'' --disable-option-checking'
target_configdirs=' libgcc libstdc++-v3 libssp libquadmath libphobos'
target_cpu='x86_64'
target_noncanonical='x86_64-w64-mingw32'
target_os='mingw32'
target_subdir='x86_64-w64-mingw32'
target_vendor='w64'
tooldir='${exec_prefix}/x86_64-w64-mingw32'

## ------------------- ##
## File substitutions. ##
## ------------------- ##

alphaieee_frag='/dev/null'
host_makefile_frag='../src/gcc-4.6.3/config/mh-mingw'
ospace_frag='/dev/null'
serialization_dependencies='serdep.tmp'
target_makefile_frag='/dev/null'

## ----------- ##
## confdefs.h. ##
## ----------- ##

/* confdefs.h */
#define PACKAGE_NAME ""
#define PACKAGE_TARNAME ""
#define PACKAGE_VERSION ""
#define PACKAGE_STRING ""
#define PACKAGE_BUGREPORT ""
#define PACKAGE_URL ""
#define LT_OBJDIR ".libs/"

configure: exit 0
